{"/Users/jamesolson/code/KOA2-Typescript-Boilerplate/src/app.ts": {"path":"/Users/jamesolson/code/KOA2-Typescript-Boilerplate/src/app.ts","statementMap":{"0":{"start":{"line":1,"column":0},"end":{"line":1,"column":45}},"1":{"start":{"line":2,"column":0},"end":{"line":2,"column":34}},"2":{"start":{"line":3,"column":0},"end":{"line":3,"column":27}},"3":{"start":{"line":4,"column":0},"end":{"line":4,"column":37}},"4":{"start":{"line":5,"column":0},"end":{"line":5,"column":51}},"5":{"start":{"line":6,"column":0},"end":{"line":6,"column":48}},"6":{"start":{"line":7,"column":0},"end":{"line":7,"column":35}},"7":{"start":{"line":8,"column":0},"end":{"line":8,"column":57}},"8":{"start":{"line":9,"column":0},"end":{"line":9,"column":57}},"9":{"start":{"line":10,"column":0},"end":{"line":10,"column":52}},"10":{"start":{"line":11,"column":0},"end":{"line":11,"column":56}},"11":{"start":{"line":13,"column":13},"end":{"line":26,"column":2}},"12":{"start":{"line":14,"column":14},"end":{"line":14,"column":23}},"13":{"start":{"line":16,"column":2},"end":{"line":16,"column":30}},"14":{"start":{"line":17,"column":2},"end":{"line":17,"column":20}},"15":{"start":{"line":18,"column":2},"end":{"line":18,"column":24}},"16":{"start":{"line":19,"column":2},"end":{"line":19,"column":27}},"17":{"start":{"line":20,"column":2},"end":{"line":20,"column":24}},"18":{"start":{"line":21,"column":2},"end":{"line":21,"column":70}},"19":{"start":{"line":22,"column":2},"end":{"line":22,"column":78}},"20":{"start":{"line":23,"column":2},"end":{"line":23,"column":62}},"21":{"start":{"line":25,"column":2},"end":{"line":25,"column":13}}},"fnMap":{"0":{"name":"(anonymous_0)","decl":{"start":{"line":13,"column":25},"end":{"line":13,"column":71}},"loc":{"start":{"line":13,"column":73},"end":{"line":26,"column":1}}}},"branchMap":{},"s":{"0":4,"1":4,"2":4,"3":4,"4":4,"5":4,"6":4,"7":4,"8":4,"9":4,"10":4,"11":4,"12":9,"13":9,"14":9,"15":9,"16":9,"17":9,"18":9,"19":9,"20":9,"21":9},"f":{"0":9},"b":{}}
,"/Users/jamesolson/code/KOA2-Typescript-Boilerplate/src/controllers/example.controller.ts": {"path":"/Users/jamesolson/code/KOA2-Typescript-Boilerplate/src/controllers/example.controller.ts","statementMap":{"0":{"start":{"line":1,"column":0},"end":{"line":1,"column":52}},"1":{"start":{"line":2,"column":0},"end":{"line":2,"column":42}},"2":{"start":{"line":4,"column":0},"end":{"line":4,"column":37}},"3":{"start":{"line":6,"column":15},"end":{"line":19,"column":2}},"4":{"start":{"line":6,"column":34},"end":{"line":19,"column":2}},"5":{"start":{"line":7,"column":10},"end":{"line":7,"column":38}},"6":{"start":{"line":8,"column":39},"end":{"line":8,"column":43}},"7":{"start":{"line":10,"column":2},"end":{"line":12,"column":null}},"8":{"start":{"line":11,"column":4},"end":{"line":11,"column":48}},"9":{"start":{"line":14,"column":17},"end":{"line":16,"column":11}},"10":{"start":{"line":18,"column":2},"end":{"line":18,"column":39}},"11":{"start":{"line":21,"column":16},"end":{"line":24,"column":2}},"12":{"start":{"line":21,"column":43},"end":{"line":24,"column":2}},"13":{"start":{"line":22,"column":17},"end":{"line":22,"column":87}},"14":{"start":{"line":23,"column":2},"end":{"line":23,"column":39}},"15":{"start":{"line":26,"column":13},"end":{"line":29,"column":2}}},"fnMap":{"0":{"name":"(anonymous_8)","decl":{"start":{"line":6,"column":15},"end":{"line":6,"column":22}},"loc":{"start":{"line":6,"column":34},"end":{"line":19,"column":2}}},"1":{"name":"(anonymous_9)","decl":{"start":{"line":6,"column":34},"end":{"line":6,"column":null}},"loc":{"start":{"line":6,"column":34},"end":{"line":19,"column":1}}},"2":{"name":"(anonymous_10)","decl":{"start":{"line":21,"column":16},"end":{"line":21,"column":23}},"loc":{"start":{"line":21,"column":43},"end":{"line":24,"column":2}}},"3":{"name":"(anonymous_11)","decl":{"start":{"line":21,"column":43},"end":{"line":21,"column":null}},"loc":{"start":{"line":21,"column":43},"end":{"line":24,"column":1}}}},"branchMap":{"0":{"loc":{"start":{"line":10,"column":2},"end":{"line":12,"column":null}},"type":"if","locations":[{"start":{"line":10,"column":2},"end":{"line":12,"column":null}},{"start":{"line":10,"column":2},"end":{"line":12,"column":null}}]}},"s":{"0":4,"1":4,"2":4,"3":4,"4":3,"5":3,"6":3,"7":3,"8":2,"9":1,"10":1,"11":4,"12":2,"13":2,"14":1,"15":4},"f":{"0":3,"1":3,"2":2,"3":2},"b":{"0":[2,1]}}
,"/Users/jamesolson/code/KOA2-Typescript-Boilerplate/src/controllers/index.ts": {"path":"/Users/jamesolson/code/KOA2-Typescript-Boilerplate/src/controllers/index.ts","statementMap":{"0":{"start":{"line":1,"column":0},"end":{"line":1,"column":37}}},"fnMap":{},"branchMap":{},"s":{"0":4},"f":{},"b":{}}
,"/Users/jamesolson/code/KOA2-Typescript-Boilerplate/src/entity/ExampleEntity.entity.ts": {"path":"/Users/jamesolson/code/KOA2-Typescript-Boilerplate/src/entity/ExampleEntity.entity.ts","statementMap":{"0":{"start":{"line":1,"column":0},"end":{"line":1,"column":null}},"1":{"start":{"line":13,"column":0},"end":{"line":13,"column":45}},"2":{"start":{"line":14,"column":0},"end":{"line":14,"column":51}},"3":{"start":{"line":18,"column":0},"end":{"line":40,"column":null}},"4":{"start":{"line":38,"column":4},"end":{"line":38,"column":88}},"5":{"start":{"line":20,"column":2},"end":{"line":20,"column":null}},"6":{"start":{"line":24,"column":2},"end":{"line":24,"column":null}},"7":{"start":{"line":27,"column":2},"end":{"line":27,"column":null}},"8":{"start":{"line":30,"column":2},"end":{"line":30,"column":null}},"9":{"start":{"line":33,"column":2},"end":{"line":33,"column":null}},"10":{"start":{"line":37,"column":2},"end":{"line":39,"column":null}},"11":{"start":{"line":18,"column":13},"end":{"line":40,"column":null}},"12":{"start":{"line":18,"column":13},"end":{"line":18,"column":26}}},"fnMap":{"0":{"name":"(anonymous_2)","decl":{"start":{"line":37,"column":9},"end":{"line":37,"column":17}},"loc":{"start":{"line":37,"column":17},"end":{"line":39,"column":3}}}},"branchMap":{},"s":{"0":4,"1":4,"2":4,"3":4,"4":3,"5":4,"6":4,"7":4,"8":4,"9":4,"10":4,"11":4,"12":4},"f":{"0":3},"b":{}}
,"/Users/jamesolson/code/KOA2-Typescript-Boilerplate/src/entity/index.ts": {"path":"/Users/jamesolson/code/KOA2-Typescript-Boilerplate/src/entity/index.ts","statementMap":{"0":{"start":{"line":1,"column":0},"end":{"line":1,"column":39}}},"fnMap":{},"branchMap":{},"s":{"0":4},"f":{},"b":{}}
,"/Users/jamesolson/code/KOA2-Typescript-Boilerplate/src/lib/response.ts": {"path":"/Users/jamesolson/code/KOA2-Typescript-Boilerplate/src/lib/response.ts","statementMap":{"0":{"start":{"line":6,"column":2},"end":{"line":6,"column":14}},"1":{"start":{"line":5,"column":0},"end":{"line":5,"column":16}}},"fnMap":{"0":{"name":"buildResponseBody","decl":{"start":{"line":5,"column":16},"end":{"line":5,"column":33}},"loc":{"start":{"line":5,"column":43},"end":{"line":7,"column":1}}}},"branchMap":{},"s":{"0":5,"1":5},"f":{"0":5},"b":{}}
,"/Users/jamesolson/code/KOA2-Typescript-Boilerplate/src/middleware/auth.ts": {"path":"/Users/jamesolson/code/KOA2-Typescript-Boilerplate/src/middleware/auth.ts","statementMap":{"0":{"start":{"line":1,"column":0},"end":{"line":1,"column":36}},"1":{"start":{"line":2,"column":0},"end":{"line":2,"column":31}},"2":{"start":{"line":3,"column":0},"end":{"line":3,"column":49}},"3":{"start":{"line":5,"column":13},"end":{"line":15,"column":3}}},"fnMap":{},"branchMap":{},"s":{"0":4,"1":4,"2":4,"3":4},"f":{},"b":{}}
,"/Users/jamesolson/code/KOA2-Typescript-Boilerplate/src/middleware/corsRules.ts": {"path":"/Users/jamesolson/code/KOA2-Typescript-Boilerplate/src/middleware/corsRules.ts","statementMap":{"0":{"start":{"line":2,"column":0},"end":{"line":2,"column":42}},"1":{"start":{"line":3,"column":0},"end":{"line":3,"column":49}},"2":{"start":{"line":6,"column":33},"end":{"line":6,"column":35}},"3":{"start":{"line":8,"column":13},"end":{"line":22,"column":2}},"4":{"start":{"line":9,"column":28},"end":{"line":16,"column":25}},"5":{"start":{"line":11,"column":6},"end":{"line":13,"column":null}},"6":{"start":{"line":12,"column":8},"end":{"line":12,"column":21}},"7":{"start":{"line":14,"column":6},"end":{"line":14,"column":18}},"8":{"start":{"line":16,"column":16},"end":{"line":16,"column":24}},"9":{"start":{"line":17,"column":22},"end":{"line":17,"column":94}},"10":{"start":{"line":17,"column":64},"end":{"line":17,"column":93}},"11":{"start":{"line":18,"column":2},"end":{"line":20,"column":null}},"12":{"start":{"line":19,"column":4},"end":{"line":19,"column":16}},"13":{"start":{"line":21,"column":2},"end":{"line":21,"column":15}},"14":{"start":{"line":24,"column":13},"end":{"line":32,"column":2}},"15":{"start":{"line":26,"column":19},"end":{"line":26,"column":36}},"16":{"start":{"line":27,"column":4},"end":{"line":29,"column":null}},"17":{"start":{"line":28,"column":6},"end":{"line":28,"column":17}},"18":{"start":{"line":30,"column":4},"end":{"line":30,"column":55}}},"fnMap":{"0":{"name":"(anonymous_0)","decl":{"start":{"line":8,"column":35},"end":{"line":8,"column":36}},"loc":{"start":{"line":8,"column":54},"end":{"line":22,"column":1}}},"1":{"name":"(anonymous_1)","decl":{"start":{"line":10,"column":12},"end":{"line":10,"column":13}},"loc":{"start":{"line":10,"column":18},"end":{"line":15,"column":5}}},"2":{"name":"(anonymous_2)","decl":{"start":{"line":16,"column":9},"end":{"line":16,"column":10}},"loc":{"start":{"line":16,"column":16},"end":{"line":16,"column":24}}},"3":{"name":"(anonymous_3)","decl":{"start":{"line":17,"column":52},"end":{"line":17,"column":53}},"loc":{"start":{"line":17,"column":64},"end":{"line":17,"column":93}}},"4":{"name":"(anonymous_4)","decl":{"start":{"line":25,"column":10},"end":{"line":25,"column":11}},"loc":{"start":{"line":25,"column":18},"end":{"line":31,"column":3}}}},"branchMap":{"0":{"loc":{"start":{"line":11,"column":6},"end":{"line":13,"column":null}},"type":"if","locations":[{"start":{"line":11,"column":6},"end":{"line":13,"column":null}},{"start":{"line":11,"column":6},"end":{"line":13,"column":null}}]},"1":{"loc":{"start":{"line":11,"column":10},"end":{"line":11,"column":12}},"type":"binary-expr","locations":[{"start":{"line":11,"column":10},"end":{"line":11,"column":12}},{"start":{"line":11,"column":16},"end":{"line":11,"column":24}}]},"2":{"loc":{"start":{"line":17,"column":22},"end":{"line":17,"column":28}},"type":"binary-expr","locations":[{"start":{"line":17,"column":22},"end":{"line":17,"column":28}},{"start":{"line":17,"column":32},"end":{"line":17,"column":94}}]},"3":{"loc":{"start":{"line":18,"column":2},"end":{"line":20,"column":null}},"type":"if","locations":[{"start":{"line":18,"column":2},"end":{"line":20,"column":null}},{"start":{"line":18,"column":2},"end":{"line":20,"column":null}}]},"4":{"loc":{"start":{"line":18,"column":6},"end":{"line":18,"column":26}},"type":"binary-expr","locations":[{"start":{"line":18,"column":6},"end":{"line":18,"column":26}},{"start":{"line":18,"column":30},"end":{"line":18,"column":41}},{"start":{"line":18,"column":45},"end":{"line":18,"column":79}}]},"5":{"loc":{"start":{"line":27,"column":4},"end":{"line":29,"column":null}},"type":"if","locations":[{"start":{"line":27,"column":4},"end":{"line":29,"column":null}},{"start":{"line":27,"column":4},"end":{"line":29,"column":null}}]}},"s":{"0":5,"1":5,"2":5,"3":5,"4":7,"5":17,"6":5,"7":12,"8":12,"9":7,"10":0,"11":7,"12":4,"13":3,"14":5,"15":2,"16":2,"17":1,"18":1},"f":{"0":7,"1":17,"2":12,"3":0,"4":2},"b":{"0":[5,12],"1":[17,12],"2":[7,5],"3":[4,3],"4":[7,6,6],"5":[1,1]}}
,"/Users/jamesolson/code/KOA2-Typescript-Boilerplate/src/middleware/errorHandler.ts": {"path":"/Users/jamesolson/code/KOA2-Typescript-Boilerplate/src/middleware/errorHandler.ts","statementMap":{"0":{"start":{"line":1,"column":0},"end":{"line":1,"column":34}},"1":{"start":{"line":3,"column":0},"end":{"line":3,"column":50}},"2":{"start":{"line":5,"column":26},"end":{"line":18,"column":1}},"3":{"start":{"line":6,"column":24},"end":{"line":6,"column":26}},"4":{"start":{"line":7,"column":15},"end":{"line":7,"column":18}},"5":{"start":{"line":8,"column":2},"end":{"line":15,"column":5}},"6":{"start":{"line":9,"column":4},"end":{"line":14,"column":null}},"7":{"start":{"line":10,"column":6},"end":{"line":10,"column":19}},"8":{"start":{"line":11,"column":6},"end":{"line":11,"column":30}},"9":{"start":{"line":13,"column":6},"end":{"line":13,"column":27}},"10":{"start":{"line":16,"column":2},"end":{"line":16,"column":22}},"11":{"start":{"line":17,"column":2},"end":{"line":17,"column":75}},"12":{"start":{"line":20,"column":13},"end":{"line":40,"column":2}},"13":{"start":{"line":20,"column":71},"end":{"line":40,"column":2}},"14":{"start":{"line":21,"column":2},"end":{"line":39,"column":null}},"15":{"start":{"line":22,"column":4},"end":{"line":22,"column":17}},"16":{"start":{"line":24,"column":4},"end":{"line":38,"column":null}},"17":{"start":{"line":25,"column":6},"end":{"line":25,"column":34}},"18":{"start":{"line":26,"column":11},"end":{"line":38,"column":null}},"19":{"start":{"line":27,"column":6},"end":{"line":27,"column":23}},"20":{"start":{"line":28,"column":6},"end":{"line":28,"column":85}},"21":{"start":{"line":29,"column":11},"end":{"line":38,"column":null}},"22":{"start":{"line":30,"column":6},"end":{"line":30,"column":41}},"23":{"start":{"line":31,"column":6},"end":{"line":31,"column":36}},"24":{"start":{"line":32,"column":11},"end":{"line":38,"column":null}},"25":{"start":{"line":33,"column":6},"end":{"line":33,"column":23}},"26":{"start":{"line":34,"column":6},"end":{"line":34,"column":94}},"27":{"start":{"line":36,"column":6},"end":{"line":36,"column":55}},"28":{"start":{"line":37,"column":6},"end":{"line":37,"column":82}}},"fnMap":{"0":{"name":"(anonymous_7)","decl":{"start":{"line":5,"column":26},"end":{"line":5,"column":27}},"loc":{"start":{"line":5,"column":82},"end":{"line":18,"column":1}}},"1":{"name":"(anonymous_8)","decl":{"start":{"line":8,"column":15},"end":{"line":8,"column":16}},"loc":{"start":{"line":8,"column":47},"end":{"line":15,"column":3}}},"2":{"name":"(anonymous_9)","decl":{"start":{"line":20,"column":28},"end":{"line":20,"column":35}},"loc":{"start":{"line":20,"column":71},"end":{"line":40,"column":2}}},"3":{"name":"(anonymous_10)","decl":{"start":{"line":20,"column":71},"end":{"line":20,"column":null}},"loc":{"start":{"line":20,"column":71},"end":{"line":40,"column":1}}}},"branchMap":{"0":{"loc":{"start":{"line":9,"column":4},"end":{"line":14,"column":null}},"type":"if","locations":[{"start":{"line":9,"column":4},"end":{"line":14,"column":null}},{"start":{"line":9,"column":4},"end":{"line":14,"column":null}}]},"1":{"loc":{"start":{"line":24,"column":4},"end":{"line":38,"column":null}},"type":"if","locations":[{"start":{"line":24,"column":4},"end":{"line":38,"column":null}},{"start":{"line":24,"column":4},"end":{"line":38,"column":null}}]},"2":{"loc":{"start":{"line":26,"column":11},"end":{"line":38,"column":null}},"type":"if","locations":[{"start":{"line":26,"column":11},"end":{"line":38,"column":null}},{"start":{"line":26,"column":11},"end":{"line":38,"column":null}}]},"3":{"loc":{"start":{"line":29,"column":11},"end":{"line":38,"column":null}},"type":"if","locations":[{"start":{"line":29,"column":11},"end":{"line":38,"column":null}},{"start":{"line":29,"column":11},"end":{"line":38,"column":null}}]},"4":{"loc":{"start":{"line":32,"column":11},"end":{"line":38,"column":null}},"type":"if","locations":[{"start":{"line":32,"column":11},"end":{"line":38,"column":null}},{"start":{"line":32,"column":11},"end":{"line":38,"column":null}}]},"5":{"loc":{"start":{"line":36,"column":19},"end":{"line":36,"column":33}},"type":"binary-expr","locations":[{"start":{"line":36,"column":19},"end":{"line":36,"column":33}},{"start":{"line":36,"column":37},"end":{"line":36,"column":47}},{"start":{"line":36,"column":51},"end":{"line":36,"column":54}}]}},"s":{"0":5,"1":5,"2":5,"3":2,"4":2,"5":2,"6":4,"7":2,"8":2,"9":2,"10":2,"11":2,"12":5,"13":15,"14":15,"15":15,"16":11,"17":2,"18":9,"19":1,"20":1,"21":8,"22":3,"23":3,"24":5,"25":2,"26":2,"27":3,"28":3},"f":{"0":2,"1":4,"2":15,"3":15},"b":{"0":[2,2],"1":[2,9],"2":[1,8],"3":[3,5],"4":[2,3],"5":[3,1,1]}}
,"/Users/jamesolson/code/KOA2-Typescript-Boilerplate/src/routes/healthCheck.ts": {"path":"/Users/jamesolson/code/KOA2-Typescript-Boilerplate/src/routes/healthCheck.ts","statementMap":{"0":{"start":{"line":1,"column":0},"end":{"line":1,"column":52}},"1":{"start":{"line":3,"column":0},"end":{"line":3,"column":37}},"2":{"start":{"line":5,"column":26},"end":{"line":5,"column":38}},"3":{"start":{"line":10,"column":9},"end":{"line":10,"column":26}},"4":{"start":{"line":6,"column":0},"end":{"line":8,"column":3}},"5":{"start":{"line":7,"column":2},"end":{"line":7,"column":49}}},"fnMap":{"0":{"name":"(anonymous_0)","decl":{"start":{"line":6,"column":33},"end":{"line":6,"column":34}},"loc":{"start":{"line":6,"column":70},"end":{"line":8,"column":1}}}},"branchMap":{},"s":{"0":4,"1":4,"2":4,"3":4,"4":4,"5":1},"f":{"0":1},"b":{}}
,"/Users/jamesolson/code/KOA2-Typescript-Boilerplate/src/routes/welcome.routes.ts": {"path":"/Users/jamesolson/code/KOA2-Typescript-Boilerplate/src/routes/welcome.routes.ts","statementMap":{"0":{"start":{"line":2,"column":0},"end":{"line":2,"column":37}},"1":{"start":{"line":4,"column":22},"end":{"line":4,"column":34}},"2":{"start":{"line":22,"column":9},"end":{"line":22,"column":22}},"3":{"start":{"line":5,"column":0},"end":{"line":20,"column":3}},"4":{"start":{"line":6,"column":2},"end":{"line":19,"column":11}}},"fnMap":{"0":{"name":"(anonymous_0)","decl":{"start":{"line":5,"column":23},"end":{"line":5,"column":24}},"loc":{"start":{"line":5,"column":44},"end":{"line":20,"column":1}}}},"branchMap":{},"s":{"0":4,"1":4,"2":4,"3":4,"4":1},"f":{"0":1},"b":{}}
,"/Users/jamesolson/code/KOA2-Typescript-Boilerplate/src/routes/api/api.routes.ts": {"path":"/Users/jamesolson/code/KOA2-Typescript-Boilerplate/src/routes/api/api.routes.ts","statementMap":{"0":{"start":{"line":1,"column":0},"end":{"line":1,"column":37}},"1":{"start":{"line":2,"column":0},"end":{"line":2,"column":49}},"2":{"start":{"line":3,"column":0},"end":{"line":3,"column":54}},"3":{"start":{"line":5,"column":18},"end":{"line":7,"column":2}},"4":{"start":{"line":11,"column":9},"end":{"line":11,"column":18}},"5":{"start":{"line":9,"column":0},"end":{"line":9,"column":45}}},"fnMap":{},"branchMap":{},"s":{"0":4,"1":4,"2":4,"3":4,"4":4,"5":4},"f":{},"b":{}}
,"/Users/jamesolson/code/KOA2-Typescript-Boilerplate/src/routes/api/example/example.routes.ts": {"path":"/Users/jamesolson/code/KOA2-Typescript-Boilerplate/src/routes/api/example/example.routes.ts","statementMap":{"0":{"start":{"line":1,"column":0},"end":{"line":1,"column":37}},"1":{"start":{"line":2,"column":0},"end":{"line":2,"column":57}},"2":{"start":{"line":4,"column":19},"end":{"line":4,"column":31}},"3":{"start":{"line":9,"column":9},"end":{"line":9,"column":19}},"4":{"start":{"line":6,"column":0},"end":{"line":8,"column":50}}},"fnMap":{},"branchMap":{},"s":{"0":4,"1":4,"2":4,"3":4,"4":4},"f":{},"b":{}}
}
