TN:
SF:src/app.ts
FN:13,(anonymous_0)
FNF:1
FNH:1
FNDA:9,(anonymous_0)
DA:1,4
DA:2,4
DA:3,4
DA:4,4
DA:5,4
DA:6,4
DA:7,4
DA:8,4
DA:9,4
DA:10,4
DA:11,4
DA:13,4
DA:14,9
DA:16,9
DA:17,9
DA:18,9
DA:19,9
DA:20,9
DA:21,9
DA:22,9
DA:23,9
DA:25,9
LF:22
LH:22
BRF:0
BRH:0
end_of_record
TN:
SF:src/controllers/example.controller.ts
FN:6,(anonymous_8)
FN:6,(anonymous_9)
FN:21,(anonymous_10)
FN:21,(anonymous_11)
FNF:4
FNH:4
FNDA:3,(anonymous_8)
FNDA:3,(anonymous_9)
FNDA:2,(anonymous_10)
FNDA:2,(anonymous_11)
DA:1,4
DA:2,4
DA:4,4
DA:6,4
DA:7,3
DA:8,3
DA:10,3
DA:11,2
DA:14,1
DA:18,1
DA:21,4
DA:22,2
DA:23,1
DA:26,4
LF:14
LH:14
BRDA:10,0,0,2
BRDA:10,0,1,1
BRF:2
BRH:2
end_of_record
TN:
SF:src/controllers/index.ts
FNF:0
FNH:0
DA:1,4
LF:1
LH:1
BRF:0
BRH:0
end_of_record
TN:
SF:src/entity/ExampleEntity.entity.ts
FN:37,(anonymous_2)
FNF:1
FNH:1
FNDA:3,(anonymous_2)
DA:1,4
DA:13,4
DA:14,4
DA:18,4
DA:20,4
DA:24,4
DA:27,4
DA:30,4
DA:33,4
DA:37,4
DA:38,3
LF:11
LH:11
BRF:0
BRH:0
end_of_record
TN:
SF:src/entity/index.ts
FNF:0
FNH:0
DA:1,4
LF:1
LH:1
BRF:0
BRH:0
end_of_record
TN:
SF:src/lib/response.ts
FN:5,buildResponseBody
FNF:1
FNH:1
FNDA:5,buildResponseBody
DA:5,5
DA:6,5
LF:2
LH:2
BRF:0
BRH:0
end_of_record
TN:
SF:src/middleware/auth.ts
FNF:0
FNH:0
DA:1,4
DA:2,4
DA:3,4
DA:5,4
LF:4
LH:4
BRF:0
BRH:0
end_of_record
TN:
SF:src/middleware/corsRules.ts
FN:8,(anonymous_0)
FN:10,(anonymous_1)
FN:16,(anonymous_2)
FN:17,(anonymous_3)
FN:25,(anonymous_4)
FNF:5
FNH:4
FNDA:7,(anonymous_0)
FNDA:17,(anonymous_1)
FNDA:12,(anonymous_2)
FNDA:0,(anonymous_3)
FNDA:2,(anonymous_4)
DA:2,5
DA:3,5
DA:6,5
DA:8,5
DA:9,7
DA:11,17
DA:12,5
DA:14,12
DA:16,12
DA:17,7
DA:18,7
DA:19,4
DA:21,3
DA:24,5
DA:26,2
DA:27,2
DA:28,1
DA:30,1
LF:18
LH:18
BRDA:11,0,0,5
BRDA:11,0,1,12
BRDA:11,1,0,17
BRDA:11,1,1,12
BRDA:17,2,0,7
BRDA:17,2,1,5
BRDA:18,3,0,4
BRDA:18,3,1,3
BRDA:18,4,0,7
BRDA:18,4,1,6
BRDA:18,4,2,6
BRDA:27,5,0,1
BRDA:27,5,1,1
BRF:13
BRH:13
end_of_record
TN:
SF:src/middleware/errorHandler.ts
FN:5,(anonymous_7)
FN:8,(anonymous_8)
FN:20,(anonymous_9)
FN:20,(anonymous_10)
FNF:4
FNH:4
FNDA:2,(anonymous_7)
FNDA:4,(anonymous_8)
FNDA:15,(anonymous_9)
FNDA:15,(anonymous_10)
DA:1,5
DA:3,5
DA:5,5
DA:6,2
DA:7,2
DA:8,2
DA:9,4
DA:10,2
DA:11,2
DA:13,2
DA:16,2
DA:17,2
DA:20,15
DA:21,15
DA:22,15
DA:24,11
DA:25,2
DA:26,9
DA:27,1
DA:28,1
DA:29,8
DA:30,3
DA:31,3
DA:32,5
DA:33,2
DA:34,2
DA:36,3
DA:37,3
LF:28
LH:28
BRDA:9,0,0,2
BRDA:9,0,1,2
BRDA:24,1,0,2
BRDA:24,1,1,9
BRDA:26,2,0,1
BRDA:26,2,1,8
BRDA:29,3,0,3
BRDA:29,3,1,5
BRDA:32,4,0,2
BRDA:32,4,1,3
BRDA:36,5,0,3
BRDA:36,5,1,1
BRDA:36,5,2,1
BRF:13
BRH:13
end_of_record
TN:
SF:src/routes/healthCheck.ts
FN:6,(anonymous_0)
FNF:1
FNH:1
FNDA:1,(anonymous_0)
DA:1,4
DA:3,4
DA:5,4
DA:6,4
DA:7,1
DA:10,4
LF:6
LH:6
BRF:0
BRH:0
end_of_record
TN:
SF:src/routes/welcome.routes.ts
FN:5,(anonymous_0)
FNF:1
FNH:1
FNDA:1,(anonymous_0)
DA:2,4
DA:4,4
DA:5,4
DA:6,1
DA:22,4
LF:5
LH:5
BRF:0
BRH:0
end_of_record
TN:
SF:src/routes/api/api.routes.ts
FNF:0
FNH:0
DA:1,4
DA:2,4
DA:3,4
DA:5,4
DA:9,4
DA:11,4
LF:6
LH:6
BRF:0
BRH:0
end_of_record
TN:
SF:src/routes/api/example/example.routes.ts
FNF:0
FNH:0
DA:1,4
DA:2,4
DA:4,4
DA:6,4
DA:9,4
LF:5
LH:5
BRF:0
BRH:0
end_of_record
